<?xml version="1.0" encoding="UTF-8"?>
<!-- Generated by org.testng.reporters.JUnitXMLReporter -->
<testsuite ignored="2" hostname="DESKTOP-LPFRVBE" failures="0" tests="2" name="Default test" time="80.911" errors="0" timestamp="2023-11-27T18:55:54 IST">
  <testcase classname="netwin.MobileBanking1.MB_NEFT_AddBenefiary" name="NEFTERequest" time="43.969"/>
  <testcase classname="netwin.MobileBanking1.MB_NEFT_AddBenefiary" name="CloseBeneficiary" time="23.248"/>
  <testcase classname="netwin.MobileBanking1.MB_NEFT_AddBenefiary" name="VerifyBeneficiary" time="0.0">
    <ignored/>
  </testcase> <!-- VerifyBeneficiary -->
  <testcase classname="netwin.MobileBanking1.MB_NEFT_AddBenefiary" name="AddBeneficialry" time="0.0">
    <ignored/>
  </testcase> <!-- AddBeneficialry -->
</testsuite> <!-- Default test -->
