<?xml version="1.0" encoding="UTF-8"?>
<testng-results ignored="6" total="9" passed="1" failed="0" skipped="2">
  <reporter-output>
  </reporter-output>
  <suite started-at="2023-11-28T10:28:26 IST" name="Suite" finished-at="2023-11-28T10:29:05 IST" duration-ms="39176">
    <groups>
    </groups>
    <test started-at="2023-11-28T10:28:26 IST" name="Test" finished-at="2023-11-28T10:29:05 IST" duration-ms="39176">
      <class name="netwin.MobileBanking1.MB_24By7AddBeneficiary">
        <test-method is-config="true" signature="login()[pri:0, instance:netwin.MobileBanking1.MB_24By7AddBeneficiary@533bda92]" started-at="2023-11-28T10:29:05 IST" name="login" finished-at="2023-11-28T10:29:05 IST" duration-ms="11" status="FAIL">
          <exception class="org.openqa.selenium.NoSuchSessionException">
            <message>
              <![CDATA[Session ID is null. Using WebDriver after calling quit()?
Build info: version: '4.12.1', revision: '8e34639b11'
System info: os.name: 'Windows 10', os.arch: 'amd64', os.version: '10.0', java.version: '17.0.8.1'
Driver info: io.appium.java_client.android.AndroidDriver
Command: [null, findElement {using=id, value=com.netwin.mobilebanking.dyankmsj:id/loginpass}]
Capabilities {appium:appActivity: com.netwin.mobilebanking.Fl..., appium:appPackage: com.netwin.mobilebanking.dy..., appium:automationName: Appium, appium:databaseEnabled: false, appium:desired: {appActivity: com.netwin.mobilebanking.Fl..., appPackage: com.netwin.mobilebanking.dy..., automationName: Appium, deviceName: emulator-5556, noReset: true, platformName: ANDROID, platformVersion: 14}, appium:deviceApiLevel: 34, appium:deviceManufacturer: Google, appium:deviceModel: sdk_gphone64_x86_64, appium:deviceName: emulator-5554, appium:deviceScreenDensity: 560, appium:deviceScreenSize: 1440x2880, appium:deviceUDID: emulator-5554, appium:javascriptEnabled: true, appium:locationContextEnabled: false, appium:networkConnectionEnabled: true, appium:noReset: true, appium:pixelRatio: 3.5, appium:platformVersion: 14, appium:statBarHeight: 98, appium:takesScreenshot: true, appium:viewportRect: {height: 2698, left: 0, top: 98, width: 1440}, appium:warnings: {}, appium:webStorageEnabled: false, platformName: ANDROID}]]>
            </message>
            <full-stacktrace>
              <![CDATA[org.openqa.selenium.NoSuchSessionException: Session ID is null. Using WebDriver after calling quit()?
Build info: version: '4.12.1', revision: '8e34639b11'
System info: os.name: 'Windows 10', os.arch: 'amd64', os.version: '10.0', java.version: '17.0.8.1'
Driver info: io.appium.java_client.android.AndroidDriver
Command: [null, findElement {using=id, value=com.netwin.mobilebanking.dyankmsj:id/loginpass}]
Capabilities {appium:appActivity: com.netwin.mobilebanking.Fl..., appium:appPackage: com.netwin.mobilebanking.dy..., appium:automationName: Appium, appium:databaseEnabled: false, appium:desired: {appActivity: com.netwin.mobilebanking.Fl..., appPackage: com.netwin.mobilebanking.dy..., automationName: Appium, deviceName: emulator-5556, noReset: true, platformName: ANDROID, platformVersion: 14}, appium:deviceApiLevel: 34, appium:deviceManufacturer: Google, appium:deviceModel: sdk_gphone64_x86_64, appium:deviceName: emulator-5554, appium:deviceScreenDensity: 560, appium:deviceScreenSize: 1440x2880, appium:deviceUDID: emulator-5554, appium:javascriptEnabled: true, appium:locationContextEnabled: false, appium:networkConnectionEnabled: true, appium:noReset: true, appium:pixelRatio: 3.5, appium:platformVersion: 14, appium:statBarHeight: 98, appium:takesScreenshot: true, appium:viewportRect: {height: 2698, left: 0, top: 98, width: 1440}, appium:warnings: {}, appium:webStorageEnabled: false, platformName: ANDROID}
at org.openqa.selenium.remote.HttpCommandExecutor.execute(HttpCommandExecutor.java:152)
at io.appium.java_client.remote.AppiumCommandExecutor.execute(AppiumCommandExecutor.java:250)
at org.openqa.selenium.remote.RemoteWebDriver.execute(RemoteWebDriver.java:602)
at org.openqa.selenium.remote.ElementLocation$ElementFinder$2.findElement(ElementLocation.java:165)
at org.openqa.selenium.remote.ElementLocation.findElement(ElementLocation.java:59)
at org.openqa.selenium.remote.RemoteWebDriver.findElement(RemoteWebDriver.java:359)
at org.openqa.selenium.remote.RemoteWebDriver.findElement(RemoteWebDriver.java:353)
at Utils.MB_BaseClass.login(MB_BaseClass.java:61)
at java.base/jdk.internal.reflect.NativeMethodAccessorImpl.invoke0(Native Method)
at java.base/jdk.internal.reflect.NativeMethodAccessorImpl.invoke(NativeMethodAccessorImpl.java:77)
at java.base/jdk.internal.reflect.DelegatingMethodAccessorImpl.invoke(DelegatingMethodAccessorImpl.java:43)
at java.base/java.lang.reflect.Method.invoke(Method.java:568)
at org.testng.internal.MethodInvocationHelper.invokeMethod(MethodInvocationHelper.java:133)
at org.testng.internal.MethodInvocationHelper.invokeMethodConsideringTimeout(MethodInvocationHelper.java:62)
at org.testng.internal.ConfigInvoker.invokeConfigurationMethod(ConfigInvoker.java:385)
at org.testng.internal.ConfigInvoker.invokeConfigurations(ConfigInvoker.java:321)
at org.testng.internal.TestMethodWorker.invokeBeforeClassMethods(TestMethodWorker.java:176)
at org.testng.internal.TestMethodWorker.run(TestMethodWorker.java:122)
at java.base/java.util.ArrayList.forEach(ArrayList.java:1511)
at org.testng.TestRunner.privateRun(TestRunner.java:794)
at org.testng.TestRunner.run(TestRunner.java:596)
at org.testng.SuiteRunner.runTest(SuiteRunner.java:377)
at org.testng.SuiteRunner.runSequentially(SuiteRunner.java:371)
at org.testng.SuiteRunner.privateRun(SuiteRunner.java:332)
at org.testng.SuiteRunner.run(SuiteRunner.java:276)
at org.testng.SuiteRunnerWorker.runSuite(SuiteRunnerWorker.java:53)
at org.testng.SuiteRunnerWorker.run(SuiteRunnerWorker.java:96)
at org.testng.TestNG.runSuitesSequentially(TestNG.java:1212)
at org.testng.TestNG.runSuitesLocally(TestNG.java:1134)
at org.testng.TestNG.runSuites(TestNG.java:1063)
at org.testng.TestNG.run(TestNG.java:1031)
at org.testng.remote.AbstractRemoteTestNG.run(AbstractRemoteTestNG.java:115)
at org.testng.remote.RemoteTestNG.initAndRun(RemoteTestNG.java:251)
at org.testng.remote.RemoteTestNG.main(RemoteTestNG.java:77)
]]>
            </full-stacktrace>
          </exception> <!-- org.openqa.selenium.NoSuchSessionException -->
          <reporter-output>
          </reporter-output>
        </test-method> <!-- login -->
        <test-method signature="NEFTERequest()[pri:3, instance:netwin.MobileBanking1.MB_24By7AddBeneficiary@533bda92]" started-at="2023-11-28T10:29:05 IST" name="NEFTERequest" finished-at="2023-11-28T10:29:05 IST" duration-ms="0" status="SKIP">
          <exception class="org.openqa.selenium.NoSuchSessionException">
            <message>
              <![CDATA[Session ID is null. Using WebDriver after calling quit()?
Build info: version: '4.12.1', revision: '8e34639b11'
System info: os.name: 'Windows 10', os.arch: 'amd64', os.version: '10.0', java.version: '17.0.8.1'
Driver info: io.appium.java_client.android.AndroidDriver
Command: [null, findElement {using=id, value=com.netwin.mobilebanking.dyankmsj:id/loginpass}]
Capabilities {appium:appActivity: com.netwin.mobilebanking.Fl..., appium:appPackage: com.netwin.mobilebanking.dy..., appium:automationName: Appium, appium:databaseEnabled: false, appium:desired: {appActivity: com.netwin.mobilebanking.Fl..., appPackage: com.netwin.mobilebanking.dy..., automationName: Appium, deviceName: emulator-5556, noReset: true, platformName: ANDROID, platformVersion: 14}, appium:deviceApiLevel: 34, appium:deviceManufacturer: Google, appium:deviceModel: sdk_gphone64_x86_64, appium:deviceName: emulator-5554, appium:deviceScreenDensity: 560, appium:deviceScreenSize: 1440x2880, appium:deviceUDID: emulator-5554, appium:javascriptEnabled: true, appium:locationContextEnabled: false, appium:networkConnectionEnabled: true, appium:noReset: true, appium:pixelRatio: 3.5, appium:platformVersion: 14, appium:statBarHeight: 98, appium:takesScreenshot: true, appium:viewportRect: {height: 2698, left: 0, top: 98, width: 1440}, appium:warnings: {}, appium:webStorageEnabled: false, platformName: ANDROID}]]>
            </message>
            <full-stacktrace>
              <![CDATA[org.openqa.selenium.NoSuchSessionException: Session ID is null. Using WebDriver after calling quit()?
Build info: version: '4.12.1', revision: '8e34639b11'
System info: os.name: 'Windows 10', os.arch: 'amd64', os.version: '10.0', java.version: '17.0.8.1'
Driver info: io.appium.java_client.android.AndroidDriver
Command: [null, findElement {using=id, value=com.netwin.mobilebanking.dyankmsj:id/loginpass}]
Capabilities {appium:appActivity: com.netwin.mobilebanking.Fl..., appium:appPackage: com.netwin.mobilebanking.dy..., appium:automationName: Appium, appium:databaseEnabled: false, appium:desired: {appActivity: com.netwin.mobilebanking.Fl..., appPackage: com.netwin.mobilebanking.dy..., automationName: Appium, deviceName: emulator-5556, noReset: true, platformName: ANDROID, platformVersion: 14}, appium:deviceApiLevel: 34, appium:deviceManufacturer: Google, appium:deviceModel: sdk_gphone64_x86_64, appium:deviceName: emulator-5554, appium:deviceScreenDensity: 560, appium:deviceScreenSize: 1440x2880, appium:deviceUDID: emulator-5554, appium:javascriptEnabled: true, appium:locationContextEnabled: false, appium:networkConnectionEnabled: true, appium:noReset: true, appium:pixelRatio: 3.5, appium:platformVersion: 14, appium:statBarHeight: 98, appium:takesScreenshot: true, appium:viewportRect: {height: 2698, left: 0, top: 98, width: 1440}, appium:warnings: {}, appium:webStorageEnabled: false, platformName: ANDROID}
at org.openqa.selenium.remote.HttpCommandExecutor.execute(HttpCommandExecutor.java:152)
at io.appium.java_client.remote.AppiumCommandExecutor.execute(AppiumCommandExecutor.java:250)
at org.openqa.selenium.remote.RemoteWebDriver.execute(RemoteWebDriver.java:602)
at org.openqa.selenium.remote.ElementLocation$ElementFinder$2.findElement(ElementLocation.java:165)
at org.openqa.selenium.remote.ElementLocation.findElement(ElementLocation.java:59)
at org.openqa.selenium.remote.RemoteWebDriver.findElement(RemoteWebDriver.java:359)
at org.openqa.selenium.remote.RemoteWebDriver.findElement(RemoteWebDriver.java:353)
at Utils.MB_BaseClass.login(MB_BaseClass.java:61)
at java.base/jdk.internal.reflect.NativeMethodAccessorImpl.invoke0(Native Method)
at java.base/jdk.internal.reflect.NativeMethodAccessorImpl.invoke(NativeMethodAccessorImpl.java:77)
at java.base/jdk.internal.reflect.DelegatingMethodAccessorImpl.invoke(DelegatingMethodAccessorImpl.java:43)
at java.base/java.lang.reflect.Method.invoke(Method.java:568)
at org.testng.internal.MethodInvocationHelper.invokeMethod(MethodInvocationHelper.java:133)
at org.testng.internal.MethodInvocationHelper.invokeMethodConsideringTimeout(MethodInvocationHelper.java:62)
at org.testng.internal.ConfigInvoker.invokeConfigurationMethod(ConfigInvoker.java:385)
at org.testng.internal.ConfigInvoker.invokeConfigurations(ConfigInvoker.java:321)
at org.testng.internal.TestMethodWorker.invokeBeforeClassMethods(TestMethodWorker.java:176)
at org.testng.internal.TestMethodWorker.run(TestMethodWorker.java:122)
at java.base/java.util.ArrayList.forEach(ArrayList.java:1511)
at org.testng.TestRunner.privateRun(TestRunner.java:794)
at org.testng.TestRunner.run(TestRunner.java:596)
at org.testng.SuiteRunner.runTest(SuiteRunner.java:377)
at org.testng.SuiteRunner.runSequentially(SuiteRunner.java:371)
at org.testng.SuiteRunner.privateRun(SuiteRunner.java:332)
at org.testng.SuiteRunner.run(SuiteRunner.java:276)
at org.testng.SuiteRunnerWorker.runSuite(SuiteRunnerWorker.java:53)
at org.testng.SuiteRunnerWorker.run(SuiteRunnerWorker.java:96)
at org.testng.TestNG.runSuitesSequentially(TestNG.java:1212)
at org.testng.TestNG.runSuitesLocally(TestNG.java:1134)
at org.testng.TestNG.runSuites(TestNG.java:1063)
at org.testng.TestNG.run(TestNG.java:1031)
at org.testng.remote.AbstractRemoteTestNG.run(AbstractRemoteTestNG.java:115)
at org.testng.remote.RemoteTestNG.initAndRun(RemoteTestNG.java:251)
at org.testng.remote.RemoteTestNG.main(RemoteTestNG.java:77)
]]>
            </full-stacktrace>
          </exception> <!-- org.openqa.selenium.NoSuchSessionException -->
          <reporter-output>
          </reporter-output>
        </test-method> <!-- NEFTERequest -->
        <test-method signature="CloseBeneficiary()[pri:4, instance:netwin.MobileBanking1.MB_24By7AddBeneficiary@533bda92]" started-at="2023-11-28T10:29:05 IST" name="CloseBeneficiary" finished-at="2023-11-28T10:29:05 IST" duration-ms="0" status="SKIP">
          <exception class="org.openqa.selenium.NoSuchSessionException">
            <message>
              <![CDATA[Session ID is null. Using WebDriver after calling quit()?
Build info: version: '4.12.1', revision: '8e34639b11'
System info: os.name: 'Windows 10', os.arch: 'amd64', os.version: '10.0', java.version: '17.0.8.1'
Driver info: io.appium.java_client.android.AndroidDriver
Command: [null, findElement {using=id, value=com.netwin.mobilebanking.dyankmsj:id/loginpass}]
Capabilities {appium:appActivity: com.netwin.mobilebanking.Fl..., appium:appPackage: com.netwin.mobilebanking.dy..., appium:automationName: Appium, appium:databaseEnabled: false, appium:desired: {appActivity: com.netwin.mobilebanking.Fl..., appPackage: com.netwin.mobilebanking.dy..., automationName: Appium, deviceName: emulator-5556, noReset: true, platformName: ANDROID, platformVersion: 14}, appium:deviceApiLevel: 34, appium:deviceManufacturer: Google, appium:deviceModel: sdk_gphone64_x86_64, appium:deviceName: emulator-5554, appium:deviceScreenDensity: 560, appium:deviceScreenSize: 1440x2880, appium:deviceUDID: emulator-5554, appium:javascriptEnabled: true, appium:locationContextEnabled: false, appium:networkConnectionEnabled: true, appium:noReset: true, appium:pixelRatio: 3.5, appium:platformVersion: 14, appium:statBarHeight: 98, appium:takesScreenshot: true, appium:viewportRect: {height: 2698, left: 0, top: 98, width: 1440}, appium:warnings: {}, appium:webStorageEnabled: false, platformName: ANDROID}]]>
            </message>
            <full-stacktrace>
              <![CDATA[org.openqa.selenium.NoSuchSessionException: Session ID is null. Using WebDriver after calling quit()?
Build info: version: '4.12.1', revision: '8e34639b11'
System info: os.name: 'Windows 10', os.arch: 'amd64', os.version: '10.0', java.version: '17.0.8.1'
Driver info: io.appium.java_client.android.AndroidDriver
Command: [null, findElement {using=id, value=com.netwin.mobilebanking.dyankmsj:id/loginpass}]
Capabilities {appium:appActivity: com.netwin.mobilebanking.Fl..., appium:appPackage: com.netwin.mobilebanking.dy..., appium:automationName: Appium, appium:databaseEnabled: false, appium:desired: {appActivity: com.netwin.mobilebanking.Fl..., appPackage: com.netwin.mobilebanking.dy..., automationName: Appium, deviceName: emulator-5556, noReset: true, platformName: ANDROID, platformVersion: 14}, appium:deviceApiLevel: 34, appium:deviceManufacturer: Google, appium:deviceModel: sdk_gphone64_x86_64, appium:deviceName: emulator-5554, appium:deviceScreenDensity: 560, appium:deviceScreenSize: 1440x2880, appium:deviceUDID: emulator-5554, appium:javascriptEnabled: true, appium:locationContextEnabled: false, appium:networkConnectionEnabled: true, appium:noReset: true, appium:pixelRatio: 3.5, appium:platformVersion: 14, appium:statBarHeight: 98, appium:takesScreenshot: true, appium:viewportRect: {height: 2698, left: 0, top: 98, width: 1440}, appium:warnings: {}, appium:webStorageEnabled: false, platformName: ANDROID}
at org.openqa.selenium.remote.HttpCommandExecutor.execute(HttpCommandExecutor.java:152)
at io.appium.java_client.remote.AppiumCommandExecutor.execute(AppiumCommandExecutor.java:250)
at org.openqa.selenium.remote.RemoteWebDriver.execute(RemoteWebDriver.java:602)
at org.openqa.selenium.remote.ElementLocation$ElementFinder$2.findElement(ElementLocation.java:165)
at org.openqa.selenium.remote.ElementLocation.findElement(ElementLocation.java:59)
at org.openqa.selenium.remote.RemoteWebDriver.findElement(RemoteWebDriver.java:359)
at org.openqa.selenium.remote.RemoteWebDriver.findElement(RemoteWebDriver.java:353)
at Utils.MB_BaseClass.login(MB_BaseClass.java:61)
at java.base/jdk.internal.reflect.NativeMethodAccessorImpl.invoke0(Native Method)
at java.base/jdk.internal.reflect.NativeMethodAccessorImpl.invoke(NativeMethodAccessorImpl.java:77)
at java.base/jdk.internal.reflect.DelegatingMethodAccessorImpl.invoke(DelegatingMethodAccessorImpl.java:43)
at java.base/java.lang.reflect.Method.invoke(Method.java:568)
at org.testng.internal.MethodInvocationHelper.invokeMethod(MethodInvocationHelper.java:133)
at org.testng.internal.MethodInvocationHelper.invokeMethodConsideringTimeout(MethodInvocationHelper.java:62)
at org.testng.internal.ConfigInvoker.invokeConfigurationMethod(ConfigInvoker.java:385)
at org.testng.internal.ConfigInvoker.invokeConfigurations(ConfigInvoker.java:321)
at org.testng.internal.TestMethodWorker.invokeBeforeClassMethods(TestMethodWorker.java:176)
at org.testng.internal.TestMethodWorker.run(TestMethodWorker.java:122)
at java.base/java.util.ArrayList.forEach(ArrayList.java:1511)
at org.testng.TestRunner.privateRun(TestRunner.java:794)
at org.testng.TestRunner.run(TestRunner.java:596)
at org.testng.SuiteRunner.runTest(SuiteRunner.java:377)
at org.testng.SuiteRunner.runSequentially(SuiteRunner.java:371)
at org.testng.SuiteRunner.privateRun(SuiteRunner.java:332)
at org.testng.SuiteRunner.run(SuiteRunner.java:276)
at org.testng.SuiteRunnerWorker.runSuite(SuiteRunnerWorker.java:53)
at org.testng.SuiteRunnerWorker.run(SuiteRunnerWorker.java:96)
at org.testng.TestNG.runSuitesSequentially(TestNG.java:1212)
at org.testng.TestNG.runSuitesLocally(TestNG.java:1134)
at org.testng.TestNG.runSuites(TestNG.java:1063)
at org.testng.TestNG.run(TestNG.java:1031)
at org.testng.remote.AbstractRemoteTestNG.run(AbstractRemoteTestNG.java:115)
at org.testng.remote.RemoteTestNG.initAndRun(RemoteTestNG.java:251)
at org.testng.remote.RemoteTestNG.main(RemoteTestNG.java:77)
]]>
            </full-stacktrace>
          </exception> <!-- org.openqa.selenium.NoSuchSessionException -->
          <reporter-output>
          </reporter-output>
        </test-method> <!-- CloseBeneficiary -->
        <test-method is-config="true" signature="quiteBrowser()[pri:0, instance:netwin.MobileBanking1.MB_24By7AddBeneficiary@533bda92]" started-at="2023-11-28T10:29:05 IST" name="quiteBrowser" finished-at="1970-01-01T05:30:00 IST" duration-ms="-1701147545564" status="SKIP">
          <reporter-output>
          </reporter-output>
        </test-method> <!-- quiteBrowser -->
      </class> <!-- netwin.MobileBanking1.MB_24By7AddBeneficiary -->
      <class name="netwin.MobileBanking1.MB_NEFT_AddBenefiary">
        <test-method is-config="true" signature="capabilities()[pri:0, instance:netwin.MobileBanking1.MB_NEFT_AddBenefiary@1972e513]" started-at="2023-11-28T10:28:01 IST" name="capabilities" finished-at="2023-11-28T10:28:26 IST" duration-ms="25161" status="PASS">
          <reporter-output>
          </reporter-output>
        </test-method> <!-- capabilities -->
        <test-method is-config="true" signature="login()[pri:0, instance:netwin.MobileBanking1.MB_NEFT_AddBenefiary@1972e513]" started-at="2023-11-28T10:28:26 IST" name="login" finished-at="2023-11-28T10:28:33 IST" duration-ms="7463" status="PASS">
          <reporter-output>
          </reporter-output>
        </test-method> <!-- login -->
        <test-method signature="AddBeneficialry()[pri:1, instance:netwin.MobileBanking1.MB_NEFT_AddBenefiary@1972e513]" started-at="2023-11-28T10:28:33 IST" name="AddBeneficialry" finished-at="2023-11-28T10:29:03 IST" duration-ms="29353" status="PASS">
          <reporter-output>
          </reporter-output>
        </test-method> <!-- AddBeneficialry -->
        <test-method is-config="true" signature="quiteBrowser()[pri:0, instance:netwin.MobileBanking1.MB_NEFT_AddBenefiary@1972e513]" started-at="2023-11-28T10:29:03 IST" name="quiteBrowser" finished-at="2023-11-28T10:29:05 IST" duration-ms="2263" status="PASS">
          <reporter-output>
          </reporter-output>
        </test-method> <!-- quiteBrowser -->
      </class> <!-- netwin.MobileBanking1.MB_NEFT_AddBenefiary -->
    </test> <!-- Test -->
  </suite> <!-- Suite -->
</testng-results>
