<?xml version="1.0" encoding="UTF-8"?>
<!-- Generated by org.testng.reporters.JUnitXMLReporter -->
<testsuite ignored="6" hostname="DESKTOP-LPFRVBE" failures="0" tests="3" name="Test" time="39.176" errors="0" timestamp="2023-11-28T10:29:05 IST">
  <testcase classname="Utils.MB_BaseClass" name="@BeforeClass login" time="0.011">
    <failure type="org.openqa.selenium.NoSuchSessionException" message="Session ID is null. Using WebDriver after calling quit()?
Build info: version: &amp;apos;4.12.1&amp;apos;, revision: &amp;apos;8e34639b11&amp;apos;
System info: os.name: &amp;apos;Windows 10&amp;apos;, os.arch: &amp;apos;amd64&amp;apos;, os.version: &amp;apos;10.0&amp;apos;, java.version: &amp;apos;17.0.8.1&amp;apos;
Driver info: io.appium.java_client.android.AndroidDriver
Command: [null, findElement {using=id, value=com.netwin.mobilebanking.dyankmsj:id/loginpass}]
Capabilities {appium:appActivity: com.netwin.mobilebanking.Fl..., appium:appPackage: com.netwin.mobilebanking.dy..., appium:automationName: Appium, appium:databaseEnabled: false, appium:desired: {appActivity: com.netwin.mobilebanking.Fl..., appPackage: com.netwin.mobilebanking.dy..., automationName: Appium, deviceName: emulator-5556, noReset: true, platformName: ANDROID, platformVersion: 14}, appium:deviceApiLevel: 34, appium:deviceManufacturer: Google, appium:deviceModel: sdk_gphone64_x86_64, appium:deviceName: emulator-5554, appium:deviceScreenDensity: 560, appium:deviceScreenSize: 1440x2880, appium:deviceUDID: emulator-5554, appium:javascriptEnabled: true, appium:locationContextEnabled: false, appium:networkConnectionEnabled: true, appium:noReset: true, appium:pixelRatio: 3.5, appium:platformVersion: 14, appium:statBarHeight: 98, appium:takesScreenshot: true, appium:viewportRect: {height: 2698, left: 0, top: 98, width: 1440}, appium:warnings: {}, appium:webStorageEnabled: false, platformName: ANDROID}">
      <![CDATA[org.openqa.selenium.NoSuchSessionException: Session ID is null. Using WebDriver after calling quit()?
Build info: version: '4.12.1', revision: '8e34639b11'
System info: os.name: 'Windows 10', os.arch: 'amd64', os.version: '10.0', java.version: '17.0.8.1'
Driver info: io.appium.java_client.android.AndroidDriver
Command: [null, findElement {using=id, value=com.netwin.mobilebanking.dyankmsj:id/loginpass}]
Capabilities {appium:appActivity: com.netwin.mobilebanking.Fl..., appium:appPackage: com.netwin.mobilebanking.dy..., appium:automationName: Appium, appium:databaseEnabled: false, appium:desired: {appActivity: com.netwin.mobilebanking.Fl..., appPackage: com.netwin.mobilebanking.dy..., automationName: Appium, deviceName: emulator-5556, noReset: true, platformName: ANDROID, platformVersion: 14}, appium:deviceApiLevel: 34, appium:deviceManufacturer: Google, appium:deviceModel: sdk_gphone64_x86_64, appium:deviceName: emulator-5554, appium:deviceScreenDensity: 560, appium:deviceScreenSize: 1440x2880, appium:deviceUDID: emulator-5554, appium:javascriptEnabled: true, appium:locationContextEnabled: false, appium:networkConnectionEnabled: true, appium:noReset: true, appium:pixelRatio: 3.5, appium:platformVersion: 14, appium:statBarHeight: 98, appium:takesScreenshot: true, appium:viewportRect: {height: 2698, left: 0, top: 98, width: 1440}, appium:warnings: {}, appium:webStorageEnabled: false, platformName: ANDROID}
at org.openqa.selenium.remote.HttpCommandExecutor.execute(HttpCommandExecutor.java:152)
at io.appium.java_client.remote.AppiumCommandExecutor.execute(AppiumCommandExecutor.java:250)
at org.openqa.selenium.remote.RemoteWebDriver.execute(RemoteWebDriver.java:602)
at org.openqa.selenium.remote.ElementLocation$ElementFinder$2.findElement(ElementLocation.java:165)
at org.openqa.selenium.remote.ElementLocation.findElement(ElementLocation.java:59)
at org.openqa.selenium.remote.RemoteWebDriver.findElement(RemoteWebDriver.java:359)
at org.openqa.selenium.remote.RemoteWebDriver.findElement(RemoteWebDriver.java:353)
at Utils.MB_BaseClass.login(MB_BaseClass.java:61)
at java.base/java.util.ArrayList.forEach(ArrayList.java:1511)
... Removed 25 stack frames]]>
    </failure>
  </testcase> <!-- @BeforeClass login -->
  <testcase classname="netwin.MobileBanking1.MB_24By7AddBeneficiary" name="@AfterClass quiteBrowser" time="-1.701147545564E9">
    <skipped/>
  </testcase> <!-- @AfterClass quiteBrowser -->
  <testcase classname="netwin.MobileBanking1.MB_NEFT_AddBenefiary" name="AddBeneficialry" time="29.353"/>
  <testcase classname="netwin.MobileBanking1.MB_24By7AddBeneficiary" name="NEFTERequest" time="0.0">
    <skipped/>
  </testcase> <!-- NEFTERequest -->
  <testcase classname="netwin.MobileBanking1.MB_24By7AddBeneficiary" name="CloseBeneficiary" time="0.0">
    <skipped/>
  </testcase> <!-- CloseBeneficiary -->
  <testcase classname="Utils.MB_BaseClass" name="@BeforeSuite capabilities" time="0.0">
    <ignored/>
  </testcase> <!-- @BeforeSuite capabilities -->
  <testcase classname="netwin.MobileBanking1.MB_NEFT_AddBenefiary" name="VerifyBeneficiary" time="0.0">
    <ignored/>
  </testcase> <!-- VerifyBeneficiary -->
  <testcase classname="netwin.MobileBanking1.MB_24By7AddBeneficiary" name="AddBeneficialry" time="0.0">
    <ignored/>
  </testcase> <!-- AddBeneficialry -->
  <testcase classname="netwin.MobileBanking1.MB_NEFT_AddBenefiary" name="CloseBeneficiary" time="0.0">
    <ignored/>
  </testcase> <!-- CloseBeneficiary -->
  <testcase classname="netwin.MobileBanking1.MB_NEFT_AddBenefiary" name="NEFTERequest" time="0.0">
    <ignored/>
  </testcase> <!-- NEFTERequest -->
  <testcase classname="netwin.MobileBanking1.MB_24By7AddBeneficiary" name="VerifyBeneficiary" time="0.0">
    <ignored/>
  </testcase> <!-- VerifyBeneficiary -->
</testsuite> <!-- Test -->
